<?xml version="1.0" encoding="UTF-8"?>
<testng-results skipped="0" failed="0" total="1" passed="1">
  <reporter-output>
  </reporter-output>
  <suite name="Default suite" duration-ms="37" started-at="2016-11-21T00:43:19Z" finished-at="2016-11-21T00:43:19Z">
    <groups>
    </groups>
    <test name="Default test" duration-ms="37" started-at="2016-11-21T00:43:19Z" finished-at="2016-11-21T00:43:19Z">
      <class name="com.sss.lifebook.MyFirstTest">
        <test-method status="PASS" signature="checkTestNGInstallation()[pri:0, instance:com.sss.lifebook.MyFirstTest@5afa04c]" name="checkTestNGInstallation" duration-ms="12" started-at="2016-11-20T16:43:19Z" finished-at="2016-11-20T16:43:19Z">
          <reporter-output>
          </reporter-output>
        </test-method> <!-- checkTestNGInstallation -->
      </class> <!-- com.sss.lifebook.MyFirstTest -->
    </test> <!-- Default test -->
  </suite> <!-- Default suite -->
</testng-results>
